0 info it worked if it ends with ok
1 verbose cli [ 'node',
1 verbose cli   '/Users/armandbiteau/.nvm/versions/node/v0.12.7/bin/npm',
1 verbose cli   'run',
1 verbose cli   'deploy' ]
2 info using npm@3.5.3
3 info using node@v0.12.7
4 verbose run-script [ 'predeploy', 'deploy', 'postdeploy' ]
5 info lifecycle curl-noise@0.0.1~predeploy: curl-noise@0.0.1
6 silly lifecycle curl-noise@0.0.1~predeploy: no script for predeploy, continuing
7 info lifecycle curl-noise@0.0.1~deploy: curl-noise@0.0.1
8 verbose lifecycle curl-noise@0.0.1~deploy: unsafe-perm in lifecycle true
9 verbose lifecycle curl-noise@0.0.1~deploy: PATH: /Users/armandbiteau/.nvm/versions/node/v0.12.7/lib/node_modules/npm/bin/node-gyp-bin:/Users/armandbiteau/Development/labs/curl-noise/node_modules/.bin:/Users/armandbiteau//.nvm/versions/node/v0.12.7/bin:/usr/local/bin:/usr/bin:/bin:/usr/sbin:/sbin:/usr/local/git/bin:/Users/armandbiteau/.composer/vendor/bin
10 verbose lifecycle curl-noise@0.0.1~deploy: CWD: /Users/armandbiteau/Development/labs/curl-noise
11 silly lifecycle curl-noise@0.0.1~deploy: Args: [ '-c',
11 silly lifecycle   'gh-pages -d build -r https://github.com/ArmandBiteau/labs/tree/gh-pages/curl-noise' ]
12 silly lifecycle curl-noise@0.0.1~deploy: Returned: code: 1  signal: null
13 info lifecycle curl-noise@0.0.1~deploy: Failed to exec deploy script
14 verbose stack Error: curl-noise@0.0.1 deploy: `gh-pages -d build -r https://github.com/ArmandBiteau/labs/tree/gh-pages/curl-noise`
14 verbose stack Exit status 1
14 verbose stack     at EventEmitter.<anonymous> (/Users/armandbiteau/.nvm/versions/node/v0.12.7/lib/node_modules/npm/lib/utils/lifecycle.js:232:16)
14 verbose stack     at EventEmitter.emit (events.js:110:17)
14 verbose stack     at ChildProcess.<anonymous> (/Users/armandbiteau/.nvm/versions/node/v0.12.7/lib/node_modules/npm/lib/utils/spawn.js:24:14)
14 verbose stack     at ChildProcess.emit (events.js:110:17)
14 verbose stack     at maybeClose (child_process.js:1015:16)
14 verbose stack     at Process.ChildProcess._handle.onexit (child_process.js:1087:5)
15 verbose pkgid curl-noise@0.0.1
16 verbose cwd /Users/armandbiteau/Development/labs/curl-noise
17 error Darwin 15.0.0
18 error argv "node" "/Users/armandbiteau/.nvm/versions/node/v0.12.7/bin/npm" "run" "deploy"
19 error node v0.12.7
20 error npm  v3.5.3
21 error code ELIFECYCLE
22 error curl-noise@0.0.1 deploy: `gh-pages -d build -r https://github.com/ArmandBiteau/labs/tree/gh-pages/curl-noise`
22 error Exit status 1
23 error Failed at the curl-noise@0.0.1 deploy script 'gh-pages -d build -r https://github.com/ArmandBiteau/labs/tree/gh-pages/curl-noise'.
23 error Make sure you have the latest version of node.js and npm installed.
23 error If you do, this is most likely a problem with the curl-noise package,
23 error not with npm itself.
23 error Tell the author that this fails on your system:
23 error     gh-pages -d build -r https://github.com/ArmandBiteau/labs/tree/gh-pages/curl-noise
23 error You can get information on how to open an issue for this project with:
23 error     npm bugs curl-noise
23 error Or if that isn't available, you can get their info via:
23 error     npm owner ls curl-noise
23 error There is likely additional logging output above.
24 verbose exit [ 1, true ]
